{"C:\\Users\\Krish\\Desktop\\Testing_ITL\\js\\cloneArray.js": {"path":"C:\\Users\\Krish\\Desktop\\Testing_ITL\\js\\cloneArray.js","statementMap":{"0":{"start":{"line":2,"column":4},"end":{"line":2,"column":22}},"1":{"start":{"line":5,"column":0},"end":{"line":5,"column":27}}},"fnMap":{"0":{"name":"cloneArray","decl":{"start":{"line":1,"column":9},"end":{"line":1,"column":19}},"loc":{"start":{"line":1,"column":26},"end":{"line":3,"column":1}},"line":1}},"branchMap":{},"s":{"0":2,"1":1},"f":{"0":2},"b":{},"_coverageSchema":"1a1c01bbd47fc00a2c39e90264f33305004495a9","hash":"7190045a31ffab3201d358aa5ca3a5c228e7e48e"}
,"C:\\Users\\Krish\\Desktop\\Testing_ITL\\js\\division.js": {"path":"C:\\Users\\Krish\\Desktop\\Testing_ITL\\js\\division.js","statementMap":{"0":{"start":{"line":2,"column":4},"end":{"line":2,"column":15}},"1":{"start":{"line":5,"column":0},"end":{"line":5,"column":25}}},"fnMap":{"0":{"name":"division","decl":{"start":{"line":1,"column":9},"end":{"line":1,"column":17}},"loc":{"start":{"line":1,"column":22},"end":{"line":3,"column":1}},"line":1}},"branchMap":{},"s":{"0":1,"1":1},"f":{"0":1},"b":{},"_coverageSchema":"1a1c01bbd47fc00a2c39e90264f33305004495a9","hash":"fbb6bb17c2e5e7c8dc8174e7e022740a83a60c56"}
,"C:\\Users\\Krish\\Desktop\\Testing_ITL\\js\\subtract.js": {"path":"C:\\Users\\Krish\\Desktop\\Testing_ITL\\js\\subtract.js","statementMap":{"0":{"start":{"line":2,"column":4},"end":{"line":2,"column":15}},"1":{"start":{"line":5,"column":0},"end":{"line":5,"column":25}}},"fnMap":{"0":{"name":"subtract","decl":{"start":{"line":1,"column":9},"end":{"line":1,"column":17}},"loc":{"start":{"line":1,"column":22},"end":{"line":3,"column":1}},"line":1}},"branchMap":{},"s":{"0":2,"1":1},"f":{"0":2},"b":{},"_coverageSchema":"1a1c01bbd47fc00a2c39e90264f33305004495a9","hash":"8d944bf3f835299512c679a21cf91546e66f0b34"}
,"C:\\Users\\Krish\\Desktop\\Testing_ITL\\js\\sum.js": {"path":"C:\\Users\\Krish\\Desktop\\Testing_ITL\\js\\sum.js","statementMap":{"0":{"start":{"line":2,"column":4},"end":{"line":2,"column":15}},"1":{"start":{"line":5,"column":0},"end":{"line":5,"column":20}}},"fnMap":{"0":{"name":"sum","decl":{"start":{"line":1,"column":9},"end":{"line":1,"column":12}},"loc":{"start":{"line":1,"column":17},"end":{"line":3,"column":1}},"line":1}},"branchMap":{},"s":{"0":1,"1":1},"f":{"0":1},"b":{},"_coverageSchema":"1a1c01bbd47fc00a2c39e90264f33305004495a9","hash":"04c79679b231216dd9aeaaea4a85b6a0063b777f"}
}
